<?xml version="1.0" encoding="UTF-8"?>
<!-- Generated by org.testng.reporters.JUnitReportReporter -->
<testsuite hostname="DESKTOP-2IPOH7J" failures="0" tests="1" name="com.api.homepagetest.HomeTest" time="7.102" errors="0" timestamp="2024-12-16T14:50:33 AST" skipped="0">
  <testcase classname="com.api.homepagetest.HomeTest" name="createNewProduct" time="7.102"/>
</testsuite> <!-- com.api.homepagetest.HomeTest -->
